Removed Pin From Net: NetName=MOTOR1 Pin=LD7-1
Removed Pin From Net: NetName=MOTOR2 Pin=LD8-1
Removed Pin From Net: NetName=MOTOR3 Pin=LD9-1
Removed Pin From Net: NetName=MOTOR4 Pin=LD10-1
Removed Pin From Net: NetName=GND Pin=R19-1
Removed Pin From Net: NetName=GND Pin=R20-1
Removed Pin From Net: NetName=GND Pin=R21-1
Removed Pin From Net: NetName=GND Pin=R22-1
Added Pin To Net: NetName=VBAT Pin=R19-1
Added Pin To Net: NetName=VBAT Pin=R20-1
Added Pin To Net: NetName=VBAT Pin=R21-1
Added Pin To Net: NetName=VBAT Pin=R22-1
Added Pin To Net: NetName=VMOTOR1 Pin=LD7-1
Added Pin To Net: NetName=VMOTOR1 Pin=N1-3
Added Pin To Net: NetName=VMOTOR1 Pin=SP3-0
Added Net: Name=VMOTOR1
Added Pin To Net: NetName=VMOTOR2 Pin=LD8-1
Added Pin To Net: NetName=VMOTOR2 Pin=N3-3
Added Pin To Net: NetName=VMOTOR2 Pin=SP7-0
Added Net: Name=VMOTOR2
Added Pin To Net: NetName=VMOTOR3 Pin=LD9-1
Added Pin To Net: NetName=VMOTOR3 Pin=N2-3
Added Pin To Net: NetName=VMOTOR3 Pin=SP4-0
Added Net: Name=VMOTOR3
Added Pin To Net: NetName=VMOTOR4 Pin=LD10-1
Added Pin To Net: NetName=VMOTOR4 Pin=N4-3
Added Pin To Net: NetName=VMOTOR4 Pin=SP8-0
Added Net: Name=VMOTOR4
