Removed Pin From Net: NetName=W25_CS_4 Pin=IC1-12
Removed Pin From Net: NetName=LD1_R Pin=IC1-13
Removed Pin From Net: NetName=MOTOR2 Pin=IC1-14
Removed Pin From Net: NetName=SCL Pin=IC1-15
Removed Pin From Net: NetName=SDA Pin=IC1-16
Removed Pin From Net: NetName=MOSI Pin=IC1-22
Removed Pin From Net: NetName=MISO Pin=IC1-23
Removed Pin From Net: NetName=SCLK Pin=IC1-24
Removed Pin From Net: NetName=LD1_G Pin=IC1-28
Removed Pin From Net: NetName=LD1_B Pin=IC1-29
Removed Pin From Net: NetName=MOTOR3 Pin=IC1-34
Removed Pin From Net: NetName=MOTOR4 Pin=IC1-35
Removed Pin From Net: NetName=W25_CS_1 Pin=IC1-38
Removed Pin From Net: NetName=W25_CS_3 Pin=IC1-39
Removed Pin From Net: NetName=W25_CS_2 Pin=IC1-42
Added Pin To Net: NetName=MOTOR2 Pin=IC1-12
Added Pin To Net: NetName=MOTOR3 Pin=IC1-13
Added Pin To Net: NetName=W25_CS_4 Pin=IC1-14
Added Pin To Net: NetName=MISO Pin=IC1-15
Added Pin To Net: NetName=MOSI Pin=IC1-16
Added Pin To Net: NetName=SCLK Pin=IC1-22
Added Pin To Net: NetName=SCL Pin=IC1-23
Added Pin To Net: NetName=SDA Pin=IC1-24
Added Pin To Net: NetName=MOTOR4 Pin=IC1-28
Added Pin To Net: NetName=W25_CS_3 Pin=IC1-29
Added Pin To Net: NetName=W25_CS_2 Pin=IC1-34
Added Pin To Net: NetName=W25_CS_1 Pin=IC1-35
Added Pin To Net: NetName=LD1_R Pin=IC1-38
Added Pin To Net: NetName=LD1_G Pin=IC1-39
Added Pin To Net: NetName=LD1_B Pin=IC1-42
