Removed Pin From Net: NetName=MOTOR3 Pin=IC1-15
Removed Pin From Net: NetName=MOTOR4 Pin=IC1-16
Removed Pin From Net: NetName=SCL Pin=IC1-34
Removed Pin From Net: NetName=SDA Pin=IC1-35
Removed Pin From Net: NetName=SCL Pin=R1-1
Removed Pin From Net: NetName=VDD3P3_CPU Pin=R1-2
Removed Pin From Net: NetName=SDA Pin=R2-1
Removed Pin From Net: NetName=VDD3P3_CPU Pin=R2-2
Added Component: Designator=R?(0402 - Resistor)
Add component. Clean all parameters for all variants
Add component (AddParameter): Name = "Value"; Value = "3.3k"; VariantName = "[No Variations]"
Added Component: Designator=R?(0402 - Resistor)
Add component. Clean all parameters for all variants
Add component (AddParameter): Name = "Value"; Value = "3.3k"; VariantName = "[No Variations]"
Added Pin To Net: NetName=SCL Pin=IC1-15
Added Pin To Net: NetName=SDA Pin=IC1-16
Added Pin To Net: NetName=MOTOR3 Pin=IC1-34
Added Pin To Net: NetName=MOTOR4 Pin=IC1-35
Added Pin To Net: NetName=SCL Pin=R?-1
Added Pin To Net: NetName=SDA Pin=R?-1
Added Pin To Net: NetName=VDD3P3_CPU Pin=R?-2
Added Pin To Net: NetName=VDD3P3_CPU Pin=R?-2
